Arguments: 
  /usr/bin/node /usr/share/yarn/bin/yarn.js

PATH: 
  /home/administrator/anaconda3/bin:/home/administrator/anaconda3/condabin:/home/administrator/.local/bin:/usr/local/sbin:/usr/local/bin:/usr/sbin:/usr/bin:/sbin:/bin:/usr/games:/usr/local/games:/snap/bin

Yarn version: 
  1.19.1

Node version: 
  8.10.0

Platform: 
  linux x64

Trace: 
  SyntaxError: /home/administrator/.cache/yarn/v6/npm-react-native-0.59.10-352f381e382f93a0403be499c9e384bf51c2591c-integrity/node_modules/react-native/.yarn-metadata.json: Unexpected end of JSON input
      at JSON.parse (<anonymous>)
      at /usr/share/yarn/lib/cli.js:1625:59
      at Generator.next (<anonymous>)
      at step (/usr/share/yarn/lib/cli.js:304:30)
      at /usr/share/yarn/lib/cli.js:315:13
      at <anonymous>

npm manifest: 
  {
    "name": "student-attendance",
    "version": "1.2.0",
    "description": "Student Attendance Application",
    "main": "node_modules/expo/AppEntry.js",
    "private": true,
    "scripts": {
      "start": "expo start",
      "android": "expo start --android",
      "ios": "expo start --ios",
      "eject": "expo eject"
    },
    "dependencies": {
      "axios": "^0.19.0",
      "date-fns": "^2.6.0",
      "expo": "^35.0.0",
      "expo-asset": "~7.0.0",
      "expo-av": "~7.0.1",
      "expo-camera": "~7.0.0",
      "expo-document-picker": "~7.0.0",
      "expo-face-detector": "~7.0.0",
      "expo-facebook": "~7.0.0",
      "expo-font": "~7.0.0",
      "expo-image-manipulator": "~7.0.0",
      "expo-image-picker": "~7.0.0",
      "expo-react-native-adapter": "^3.0.1",
      "expo-secure-store": "~7.0.0",
      "galio-framework": "^0.6.3",
      "jwt-decode": "^2.2.0",
      "native-base": "^2.13.8",
      "prop-types": "^15.7.2",
      "react": "16.8.3",
      "react-native": "0.59.10",
      "react-native-countdown-component": "^2.6.0",
      "react-native-date-picker": "^2.7.0",
      "react-native-elements": "^1.2.6",
      "react-native-gesture-handler": "~1.3.0",
      "react-native-modal-dropdown": "^0.6.2",
      "react-native-paper": "^2.16.0",
      "react-native-popup-dialog": "^0.18.3",
      "react-native-reanimated": "~1.2.0",
      "react-native-search-filter": "^0.1.5",
      "react-native-svg": "9.9.5",
      "react-native-swipeout": "^2.3.6",
      "react-native-unimodules": "0.6.0",
      "react-native-vector-icons": "^6.6.0",
      "react-navigation": "^3.11.0",
      "react-redux": "^7.1.1",
      "redux": "^4.0.4",
      "redux-devtools-extension": "^2.13.8",
      "redux-logger": "^3.0.6",
      "url-join": "^4.0.1"
    },
    "devDependencies": {
      "babel-preset-expo": "^7.0.0"
    },
    "keywords": [
      "student attendance",
      "instructors",
      "face recognition"
    ],
    "author": "School of Science and Technology : Computer Science",
    "license": "UTCC",
    "bugs": {
      "url": "https://science.utcc.ac.th/"
    },
    "homepage": "https://science.utcc.ac.th/"
  }

yarn manifest: 
  No manifest

Lockfile: 
  
